>------ Сборка запущено: проект: CMakeLists, конфигурация: Debug ------
  [1/6] Building CXX object CMakeFiles\unit_tests.dir\src\tiff_image.cpp.obj
D:\SatImageFilters\src\tiff_image.cpp(155): warning C4717: TIFFImage::Save: рекурсия на всех путях выполнения, функция вызовет переполнение стека
  [2/6] Building CXX object CMakeFiles\unit_tests.dir\tests\test_kernel.cpp.obj
D:\SatImageFilters\include\kernel.h(608): warning C4244: инициализация: преобразование "double" в "T", возможна потеря данных
          with
          [
              T=int
          ]
  D:\SatImageFilters\include\kernel.h(608): note: контекст создания экземпляра шаблона (сначала самый старый)
  D:\SatImageFilters\include\kernel.h(707): note: выполняется компиляция ссылки на экземпляр класс шаблон функции "Kernel<int>"
  D:\SatImageFilters\include\kernel.h(602): note: во время компиляции функции-члена класс шаблон "Kernel<int> Kernel<int>::GetGaussianKernel(const size_t,float)"
  D:\SatImageFilters\tests\test_kernel.cpp(219): note: см. первую ссылку на "Kernel<int>::GetGaussianKernel" в "KernelTest_KernelGaussianKernelException_Test::TestBody"
D:\SatImageFilters\include\kernel.h(618): warning C4244: инициализация: преобразование "float" в "T", возможна потеря данных
          with
          [
              T=int
          ]
D:\SatImageFilters\include\kernel.h(638): warning C4244: инициализация: преобразование "double" в "T", возможна потеря данных
          with
          [
              T=int
          ]
  D:\SatImageFilters\include\kernel.h(638): note: контекст создания экземпляра шаблона (сначала самый старый)
  D:\SatImageFilters\include\kernel.h(632): note: во время компиляции функции-члена класс шаблон "Kernel<int> Kernel<int>::GetGaussianKernelSep(const size_t,float)"
  D:\SatImageFilters\tests\test_kernel.cpp(220): note: см. первую ссылку на "Kernel<int>::GetGaussianKernelSep" в "KernelTest_KernelGaussianKernelException_Test::TestBody"
D:\SatImageFilters\include\kernel.h(645): warning C4244: инициализация: преобразование "float" в "T", возможна потеря данных
          with
          [
              T=int
          ]
  [3/6] Building CXX object CMakeFiles\unit_tests.dir\tests\test_tiff_image.cpp.obj
  [4/6] Building CUDA object CMakeFiles\unit_tests.dir\src\tiff_image.cu.obj
  tiff_image.cu
  
  tmpxft_00002b20_00000000-7_tiff_image.compute_86.cudafe1.cpp
  
  [5/6] Linking CXX executable CMakeFiles\unit_tests.dir\cmake_device_link.obj
  tiff_image.cpp.obj
  
  tiff_image.cu.obj
  
  test_kernel.cpp.obj
  
  test_tiff_image.cpp.obj
  
  tiff.lib
  
  gtest.lib
  
  gtest_main.lib
  
  cudadevrt.lib
  
  cudart_static.lib
  
  kernel32.lib
  
  user32.lib
  
  gdi32.lib
  
  winspool.lib
  
  shell32.lib
  
  ole32.lib
  
  oleaut32.lib
  
  uuid.lib
  
  comdlg32.lib
  
  advapi32.lib
  
  [6/6] Linking CXX executable unit_tests.exe
  FAILED: unit_tests.exe 
  C:\Windows\system32\cmd.exe /C "cd . && "C:\Program Files\Microsoft Visual Studio\2022\Community\Common7\IDE\CommonExtensions\Microsoft\CMake\CMake\bin\cmake.exe" -E vs_link_exe --msvc-ver=1944 --intdir=CMakeFiles\unit_tests.dir --rc="C:\PROGRA~2\Windows Kits\10\bin\10.0.26100.0\x64\rc.exe" --mt="C:\PROGRA~2\Windows Kits\10\bin\10.0.26100.0\x64\mt.exe" --manifests  -- "C:\PROGRA~1\Microsoft Visual Studio\2022\Community\VC\Tools\MSVC\14.44.35207\bin\Hostx64\x64\link.exe" /nologo CMakeFiles\unit_tests.dir\src\tiff_image.cpp.obj CMakeFiles\unit_tests.dir\src\tiff_image.cu.obj CMakeFiles\unit_tests.dir\tests\test_kernel.cpp.obj CMakeFiles\unit_tests.dir\tests\test_tiff_image.cpp.obj CMakeFiles\unit_tests.dir\cmake_device_link.obj  /out:unit_tests.exe /implib:unit_tests.lib /pdb:unit_tests.pdb /version:0.0 /machine:x64 /debug /INCREMENTAL /subsystem:console -LIBPATH:"C:\PROGRA~1\NVIDIA GPU Computing Toolkit\CUDA\v12.8\lib\x64" "C:\Program Files\tiff-4.7.0\build\libtiff\Release\tiff.lib"  D:\googletest\build\lib\Release\gtest.lib  D:\googletest\build\lib\Release\gtest_main.lib  "C:\Program Files\opencv\build\x64\vc16\lib\opencv_world4100d.lib"  "C:\Program Files\opencv\build\x64\vc16\lib\opencv_world4100d.lib"  "C:\Program Files\opencv\build\x64\vc16\lib\opencv_world4100d.lib"  "C:\Program Files\opencv\build\x64\vc16\lib\opencv_world4100d.lib"  "C:\Program Files\opencv\build\x64\vc16\lib\opencv_world4100d.lib"  "C:\Program Files\opencv\build\x64\vc16\lib\opencv_world4100d.lib"  "C:\Program Files\opencv\build\x64\vc16\lib\opencv_world4100d.lib"  "C:\Program Files\opencv\build\x64\vc16\lib\opencv_world4100d.lib"  "C:\Program Files\opencv\build\x64\vc16\lib\opencv_world4100d.lib"  "C:\Program Files\opencv\build\x64\vc16\lib\opencv_world4100d.lib"  "C:\Program Files\opencv\build\x64\vc16\lib\opencv_world4100d.lib"  "C:\Program Files\opencv\build\x64\vc16\lib\opencv_world4100d.lib"  "C:\Program Files\opencv\build\x64\vc16\lib\opencv_world4100d.lib"  "C:\Program Files\opencv\build\x64\vc16\lib\opencv_world4100d.lib"  "C:\Program Files\opencv\build\x64\vc16\lib\opencv_world4100d.lib"  "C:\Program Files\opencv\build\x64\vc16\lib\opencv_world4100d.lib"  cudadevrt.lib  cudart_static.lib  kernel32.lib user32.lib gdi32.lib winspool.lib shell32.lib ole32.lib oleaut32.lib uuid.lib comdlg32.lib advapi32.lib && C:\Windows\system32\cmd.exe /C "cd /D D:\SatImageFilters\out\build\x64-Debug && "C:\Program Files\Microsoft Visual Studio\2022\Community\Common7\IDE\CommonExtensions\Microsoft\CMake\CMake\bin\cmake.exe" -E copy_if_different "C:/Program Files/tiff-4.7.0/build/libtiff/Release/tiff.dll" D:/SatImageFilters/out/build/x64-Debug""
  LINK Pass 1: command "C:\PROGRA~1\Microsoft Visual Studio\2022\Community\VC\Tools\MSVC\14.44.35207\bin\Hostx64\x64\link.exe /nologo CMakeFiles\unit_tests.dir\src\tiff_image.cpp.obj CMakeFiles\unit_tests.dir\src\tiff_image.cu.obj CMakeFiles\unit_tests.dir\tests\test_kernel.cpp.obj CMakeFiles\unit_tests.dir\tests\test_tiff_image.cpp.obj CMakeFiles\unit_tests.dir\cmake_device_link.obj /out:unit_tests.exe /implib:unit_tests.lib /pdb:unit_tests.pdb /version:0.0 /machine:x64 /debug /INCREMENTAL /subsystem:console -LIBPATH:C:\PROGRA~1\NVIDIA GPU Computing Toolkit\CUDA\v12.8\lib\x64 C:\Program Files\tiff-4.7.0\build\libtiff\Release\tiff.lib D:\googletest\build\lib\Release\gtest.lib D:\googletest\build\lib\Release\gtest_main.lib C:\Program Files\opencv\build\x64\vc16\lib\opencv_world4100d.lib C:\Program Files\opencv\build\x64\vc16\lib\opencv_world4100d.lib C:\Program Files\opencv\build\x64\vc16\lib\opencv_world4100d.lib C:\Program Files\opencv\build\x64\vc16\lib\opencv_world4100d.lib C:\Program Files\opencv\build\x64\vc16\lib\opencv_world4100d.lib C:\Program Files\opencv\build\x64\vc16\lib\opencv_world4100d.lib C:\Program Files\opencv\build\x64\vc16\lib\opencv_world4100d.lib C:\Program Files\opencv\build\x64\vc16\lib\opencv_world4100d.lib C:\Program Files\opencv\build\x64\vc16\lib\opencv_world4100d.lib C:\Program Files\opencv\build\x64\vc16\lib\opencv_world4100d.lib C:\Program Files\opencv\build\x64\vc16\lib\opencv_world4100d.lib C:\Program Files\opencv\build\x64\vc16\lib\opencv_world4100d.lib C:\Program Files\opencv\build\x64\vc16\lib\opencv_world4100d.lib C:\Program Files\opencv\build\x64\vc16\lib\opencv_world4100d.lib C:\Program Files\opencv\build\x64\vc16\lib\opencv_world4100d.lib C:\Program Files\opencv\build\x64\vc16\lib\opencv_world4100d.lib cudadevrt.lib cudart_static.lib kernel32.lib user32.lib gdi32.lib winspool.lib shell32.lib ole32.lib oleaut32.lib uuid.lib comdlg32.lib advapi32.lib /MANIFEST /MANIFESTFILE:CMakeFiles\unit_tests.dir/intermediate.manifest CMakeFiles\unit_tests.dir/manifest.res" failed (exit code 1319) with the following output:
D:\SatImageFilters\out\build\x64-Debug\gtest.lib(gtest-all.obj) : error LNK2038: обнаружено несоответствие для "_ITERATOR_DEBUG_LEVEL": значение "0" не соответствует значению "2" в tiff_image.cpp.obj
D:\SatImageFilters\out\build\x64-Debug\gtest.lib(gtest-all.obj) : error LNK2038: обнаружено несоответствие для "RuntimeLibrary": значение "MD_DynamicRelease" не соответствует значению "MDd_DynamicDebug" в tiff_image.cpp.obj
D:\SatImageFilters\out\build\x64-Debug\gtest_main.lib(gtest_main.obj) : error LNK2038: обнаружено несоответствие для "_ITERATOR_DEBUG_LEVEL": значение "0" не соответствует значению "2" в tiff_image.cpp.obj
D:\SatImageFilters\out\build\x64-Debug\gtest_main.lib(gtest_main.obj) : error LNK2038: обнаружено несоответствие для "RuntimeLibrary": значение "MD_DynamicRelease" не соответствует значению "MDd_DynamicDebug" в tiff_image.cpp.obj
     Создается библиотека unit_tests.lib и объект unit_tests.exp
D:\SatImageFilters\out\build\x64-Debug\LINK : warning LNK4098: библиотека по умолчанию "MSVCRT" конфликтует с использованием других библиотек; используйте /NODEFAULTLIB:library
D:\SatImageFilters\out\build\x64-Debug\LINK : warning LNK4098: библиотека по умолчанию "LIBCMT" конфликтует с использованием других библиотек; используйте /NODEFAULTLIB:library
  
D:\SatImageFilters\out\build\x64-Debug\unit_tests.exe : fatal error LNK1319: обнаружено несоответствий: 4
  
  ninja: build stopped: subcommand failed.

Сбой Сборка.